1509898382935	geckodriver	INFO	geckodriver 0.19.1
1509898382973	geckodriver	INFO	Listening on 127.0.0.1:33859
1509898385328	mozrunner::runner	INFO	Running command: "C:\\Program Files\\Mozilla Firefox\\firefox.exe" "-marionette" "-profile" "C:\\Users\\miele\\AppData\\Local\\Temp\\rust_mozprofile.cOft9WbJzIQR"
1509904103118	geckodriver	INFO	geckodriver 0.19.1
1509904103127	geckodriver	INFO	Listening on 127.0.0.1:34400
1509904105154	mozrunner::runner	INFO	Running command: "C:\\Program Files\\Mozilla Firefox\\firefox.exe" "-marionette" "-profile" "C:\\Users\\miele\\AppData\\Local\\Temp\\rust_mozprofile.v6FhMSGZyciR"
1509904107644	addons.xpi	WARN	Error parsing extensions state: [Exception... "Component returned failure code: 0x80520012 (NS_ERROR_FILE_NOT_FOUND) [amIAddonManagerStartup.readStartupData]"  nsresult: "0x80520012 (NS_ERROR_FILE_NOT_FOUND)"  location: "JS frame :: resource://gre/modules/addons/XPIProvider.jsm :: loadExtensionState :: line 1554"  data: no] Stack trace: loadExtensionState()@resource://gre/modules/addons/XPIProvider.jsm:1554 < getInstallState()@resource://gre/modules/addons/XPIProvider.jsm:1589 < checkForChanges()@resource://gre/modules/addons/XPIProvider.jsm:3109 < startup()@resource://gre/modules/addons/XPIProvider.jsm:2188 < callProvider()@resource://gre/modules/AddonManager.jsm:269 < _startProvider()@resource://gre/modules/AddonManager.jsm:739 < startup()@resource://gre/modules/AddonManager.jsm:906 < startup()@resource://gre/modules/AddonManager.jsm:3090 < observe()@jar:file:///C:/Program%20Files/Mozilla%20Firefox/omni.ja!/components/addonManager.js:65
1509904109042	Marionette	INFO	Enabled via --marionette
Unable to read VR Path Registry from C:\Users\miele\AppData\Local\openvr\openvrpaths.vrpath
[Parent 2072] WARNING: pipe error: 109: file z:/build/build/src/ipc/chromium/src/chrome/common/ipc_channel_win.cc, line 346
1509904113415	Marionette	INFO	Listening on port 34406
1509904113638	Marionette	WARN	TLS certificate errors will be ignored for this session
1509904113690	Marionette	DEBUG	Register listener.js for window 4294967297
JavaScript error: jar:file:///C:/Program%20Files/Mozilla%20Firefox/browser/omni.ja!/components/nsBrowserGlue.js, line 994: TypeError: win is null
[Parent 2072] WARNING: pipe error: 109: file z:/build/build/src/ipc/chromium/src/chrome/common/ipc_channel_win.cc, line 346
Unable to read VR Path Registry from C:\Users\miele\AppData\Local\openvr\openvrpaths.vrpath
[GPU 7900] WARNING: pipe error: 109: file z:/build/build/src/ipc/chromium/src/chrome/common/ipc_channel_win.cc, line 346

###!!! [Child][MessageChannel::SendAndWait] Error: Channel error: cannot send/recv

1509904856960	geckodriver	INFO	geckodriver 0.19.1
1509904856970	geckodriver	INFO	Listening on 127.0.0.1:34775
1509904859339	mozrunner::runner	INFO	Running command: "C:\\Program Files\\Mozilla Firefox\\firefox.exe" "-marionette" "-profile" "C:\\Users\\miele\\AppData\\Local\\Temp\\rust_mozprofile.RdLKaSFoFQQs"
1509904861720	addons.xpi	WARN	Error parsing extensions state: [Exception... "Component returned failure code: 0x80520012 (NS_ERROR_FILE_NOT_FOUND) [amIAddonManagerStartup.readStartupData]"  nsresult: "0x80520012 (NS_ERROR_FILE_NOT_FOUND)"  location: "JS frame :: resource://gre/modules/addons/XPIProvider.jsm :: loadExtensionState :: line 1554"  data: no] Stack trace: loadExtensionState()@resource://gre/modules/addons/XPIProvider.jsm:1554 < getInstallState()@resource://gre/modules/addons/XPIProvider.jsm:1589 < checkForChanges()@resource://gre/modules/addons/XPIProvider.jsm:3109 < startup()@resource://gre/modules/addons/XPIProvider.jsm:2188 < callProvider()@resource://gre/modules/AddonManager.jsm:269 < _startProvider()@resource://gre/modules/AddonManager.jsm:739 < startup()@resource://gre/modules/AddonManager.jsm:906 < startup()@resource://gre/modules/AddonManager.jsm:3090 < observe()@jar:file:///C:/Program%20Files/Mozilla%20Firefox/omni.ja!/components/addonManager.js:65
1509904863031	Marionette	INFO	Enabled via --marionette
Unable to read VR Path Registry from C:\Users\miele\AppData\Local\openvr\openvrpaths.vrpath
[Child 5796] WARNING: pipe error: 109: file z:/build/build/src/ipc/chromium/src/chrome/common/ipc_channel_win.cc, line 346
[Child 5796] WARNING: pipe error: 109: file z:/build/build/src/ipc/chromium/src/chrome/common/ipc_channel_win.cc, line 346
1509904867410	Marionette	INFO	Listening on port 34782
1509904867686	Marionette	WARN	TLS certificate errors will be ignored for this session
1509904867744	Marionette	DEBUG	Register listener.js for window 4294967297
1509904867789	Marionette	DEBUG	Received DOM event "beforeunload" for "about:blank"
1509904870701	Marionette	DEBUG	Received DOM event "pagehide" for "about:blank"
1509904870701	Marionette	DEBUG	Received DOM event "unload" for "about:blank"
1509904871569	Marionette	DEBUG	Received DOM event "DOMContentLoaded" for "https://www.google.com.br/?gws_rd=cr,ssl&dcr=0&ei=5FH_WdnRJImdwASchqO4BA"
1509904873224	Marionette	DEBUG	Received observer notification "outer-window-destroyed" for "4294967301"
1509904873745	Marionette	DEBUG	Received DOM event "pageshow" for "https://www.google.com.br/?gws_rd=cr,ssl&dcr=0&ei=5FH_WdnRJImdwASchqO4BA"

###!!! [Child][MessageChannel::SendAndWait] Error: Channel error: cannot send/recv

Unable to read VR Path Registry from C:\Users\miele\AppData\Local\openvr\openvrpaths.vrpath
1509905238777	geckodriver	INFO	geckodriver 0.19.1
1509905238792	geckodriver	INFO	Listening on 127.0.0.1:34844
1509905240740	mozrunner::runner	INFO	Running command: "C:\\Program Files\\Mozilla Firefox\\firefox.exe" "-marionette" "-profile" "C:\\Users\\miele\\AppData\\Local\\Temp\\rust_mozprofile.B7HfZuX0mBOO"
1509905246161	addons.xpi	WARN	Error parsing extensions state: [Exception... "Component returned failure code: 0x80520012 (NS_ERROR_FILE_NOT_FOUND) [amIAddonManagerStartup.readStartupData]"  nsresult: "0x80520012 (NS_ERROR_FILE_NOT_FOUND)"  location: "JS frame :: resource://gre/modules/addons/XPIProvider.jsm :: loadExtensionState :: line 1554"  data: no] Stack trace: loadExtensionState()@resource://gre/modules/addons/XPIProvider.jsm:1554 < getInstallState()@resource://gre/modules/addons/XPIProvider.jsm:1589 < checkForChanges()@resource://gre/modules/addons/XPIProvider.jsm:3109 < startup()@resource://gre/modules/addons/XPIProvider.jsm:2188 < callProvider()@resource://gre/modules/AddonManager.jsm:269 < _startProvider()@resource://gre/modules/AddonManager.jsm:739 < startup()@resource://gre/modules/AddonManager.jsm:906 < startup()@resource://gre/modules/AddonManager.jsm:3090 < observe()@jar:file:///C:/Program%20Files/Mozilla%20Firefox/omni.ja!/components/addonManager.js:65
1509905248620	Marionette	INFO	Enabled via --marionette
Unable to read VR Path Registry from C:\Users\miele\AppData\Local\openvr\openvrpaths.vrpath
[Parent 5092] WARNING: pipe error: 109: file z:/build/build/src/ipc/chromium/src/chrome/common/ipc_channel_win.cc, line 346
1509905254913	Marionette	INFO	Listening on port 34850
1509905255598	Marionette	WARN	TLS certificate errors will be ignored for this session
1509905255656	Marionette	DEBUG	Register listener.js for window 4294967297
[Parent 5092] WARNING: pipe error: 109: file z:/build/build/src/ipc/chromium/src/chrome/common/ipc_channel_win.cc, line 346
Unable to read VR Path Registry from C:\Users\miele\AppData\Local\openvr\openvrpaths.vrpath
[Child 920] WARNING: pipe error: 109: file z:/build/build/src/ipc/chromium/src/chrome/common/ipc_channel_win.cc, line 346
[Child 920] WARNING: pipe error: 109: file z:/build/build/src/ipc/chromium/src/chrome/common/ipc_channel_win.cc, line 346
*** UTM:SVC TimerManager:registerTimer called after profile-before-change notification. Ignoring timer registration for id: telemetry_modules_ping

###!!! [Child][MessageChannel::SendAndWait] Error: Channel error: cannot send/recv

1509905361191	geckodriver	INFO	geckodriver 0.19.1
1509905361214	geckodriver	INFO	Listening on 127.0.0.1:34894
1509905363274	mozrunner::runner	INFO	Running command: "C:\\Program Files\\Mozilla Firefox\\firefox.exe" "-marionette" "-profile" "C:\\Users\\miele\\AppData\\Local\\Temp\\rust_mozprofile.G3bFYO00hYiL"
1509905364068	addons.xpi	WARN	Error parsing extensions state: [Exception... "Component returned failure code: 0x80520012 (NS_ERROR_FILE_NOT_FOUND) [amIAddonManagerStartup.readStartupData]"  nsresult: "0x80520012 (NS_ERROR_FILE_NOT_FOUND)"  location: "JS frame :: resource://gre/modules/addons/XPIProvider.jsm :: loadExtensionState :: line 1554"  data: no] Stack trace: loadExtensionState()@resource://gre/modules/addons/XPIProvider.jsm:1554 < getInstallState()@resource://gre/modules/addons/XPIProvider.jsm:1589 < checkForChanges()@resource://gre/modules/addons/XPIProvider.jsm:3109 < startup()@resource://gre/modules/addons/XPIProvider.jsm:2188 < callProvider()@resource://gre/modules/AddonManager.jsm:269 < _startProvider()@resource://gre/modules/AddonManager.jsm:739 < startup()@resource://gre/modules/AddonManager.jsm:906 < startup()@resource://gre/modules/AddonManager.jsm:3090 < observe()@jar:file:///C:/Program%20Files/Mozilla%20Firefox/omni.ja!/components/addonManager.js:65
1509905365291	Marionette	INFO	Enabled via --marionette
Unable to read VR Path Registry from C:\Users\miele\AppData\Local\openvr\openvrpaths.vrpath
[Parent 1384] WARNING: pipe error: 109: file z:/build/build/src/ipc/chromium/src/chrome/common/ipc_channel_win.cc, line 346
1509905369992	Marionette	INFO	Listening on port 34900
1509905370634	Marionette	WARN	TLS certificate errors will be ignored for this session
1509905370694	Marionette	DEBUG	Register listener.js for window 4294967297
Unable to read VR Path Registry from C:\Users\miele\AppData\Local\openvr\openvrpaths.vrpath
[GPU 588] WARNING: pipe error: 109: file z:/build/build/src/ipc/chromium/src/chrome/common/ipc_channel_win.cc, line 346

###!!! [Child][MessageChannel::SendAndWait] Error: Channel error: cannot send/recv

NUyfnH"
1509905550782	addons.xpi	WARN	Error parsing extensions state: [Exception... "Component returned failure code: 0x80520012 (NS_ERROR_FILE_NOT_FOUND) [amIAddonManagerStartup.readStartupData]"  nsresult: "0x80520012 (NS_ERROR_FILE_NOT_FOUND)"  location: "JS frame :: resource://gre/modules/addons/XPIProvider.jsm :: loadExtensionState :: line 1554"  data: no] Stack trace: loadExtensionState()@resource://gre/modules/addons/XPIProvider.jsm:1554 < getInstallState()@resource://gre/modules/addons/XPIProvider.jsm:1589 < checkForChanges()@resource://gre/modules/addons/XPIProvider.jsm:3109 < startup()@resource://gre/modules/addons/XPIProvider.jsm:2188 < callProvider()@resource://gre/modules/AddonManager.jsm:269 < _startProvider()@resource://gre/modules/AddonManager.jsm:739 < startup()@resource://gre/modules/AddonManager.jsm:906 < startup()@resource://gre/modules/AddonManager.jsm:3090 < observe()@jar:file:///C:/Program%20Files/Mozilla%20Firefox/omni.ja!/components/addonManager.js:65
1509905552870	Marionette	INFO	Enabled via --marionette
Unable to read VR Path Registry from C:\Users\miele\AppData\Local\openvr\openvrpaths.vrpath
[Parent 1404] WARNING: pipe error: 109: file z:/build/build/src/ipc/chromium/src/chrome/common/ipc_channel_win.cc, line 346
Unable to read VR Path Registry from C:\Users\miele\AppData\Local\openvr\openvrpaths.vrpath
[Child 5872] WARNING: pipe error: 109: file z:/build/build/src/ipc/chromium/src/chrome/common/ipc_channel_win.cc, line 346
[Child 5872] WARNING: pipe error: 109: file z:/build/build/src/ipc/chromium/src/chrome/common/ipc_channel_win.cc, line 346
1509905557809	Marionette	INFO	Listening on port 34944
1509905557998	Marionette	WARN	TLS certificate errors will be ignored for this session
1509905558049	Marionette	DEBUG	Register listener.js for window 4294967297
*** UTM:SVC TimerManager:registerTimer called after profile-before-change notification. Ignoring timer registration for id: telemetry_modules_ping

###!!! [Child][MessageChannel::SendAndWait] Error: Channel error: cannot send/recv

1509905571894	geckodriver	INFO	geckodriver 0.19.1
1509905571903	geckodriver	INFO	Listening on 127.0.0.1:34977
1509905573993	mozrunner::runner	INFO	Running command: "C:\\Program Files\\Mozilla Firefox\\firefox.exe" "-mari1509905575096	mozrunner::runner	INFO	Running command: "C:\\Program Files\\Mozilla Firefox\\firefox.exe" "-marionette" "-profile" "C:\\Users\\miele\\AppData\\Local\\Temp\\rust_mozprofile.70qmDdO6JepV"
1509905576019	addons.xpi	WARN	Error parsing extensions state: [Exception... "Component returned failure code: 0x80520012 (NS_ERROR_FILE_NOT_FOUND) [amIAddonManagerStartup.readStartupData]"  nsresult: "0x80520012 (NS_ERROR_FILE_NOT_FOUND)"  location: "JS frame :: resource://gre/modules/addons/XPIProvider.jsm :: loadExtensionState :: line 1554"  data: no] Stack trace: loadExtensionState()@resource://gre/modules/addons/XPIProvider.jsm:1554 < getInstallState()@resource://gre/modules/addons/XPIProvider.jsm:1589 < checkForChanges()@resource://gre/modules/addons/XPIProvider.jsm:3109 < startup()@resource://gre/modules/addons/XPIProvider.jsm:2188 < callProvider()@resource://gre/modules/AddonManager.jsm:269 < _startProvider()@resource://gre/modules/AddonManager.jsm:739 < startup()@resource://gre/modules/AddonManager.jsm:906 < startup()@resource://gre/modules/AddonManager.1509905576617	Marionette	INFO	Enabled via --marionette
Unable to read VR Path Registry from C:\Users\miele\AppData\Local\openvr\openvrpaths.vrpath
[Parent 10168] WAUnable to read VR Path Registry from C:\Users\miele\AppData\Local\openvr\openvrpaths.vrpath
[Parent 5280] WARNING: pipe error: 109: file z:/build/build/src/ipc/chromium/src/chrome/common/ipc_channel_win.cc, line 346
1509905584670	Marionette	INFO	Listening on port 34993
1509905585057	Marionette	WARN	TLS certificate errors [Parent 10168] WARNING: pipe error: 109: file z:/build/build/src/ipc/chromium/src/chrome/common/ipc_channel_win.cc, line 346
[Parent 10168] WARNING: pipe error: 109: file z:/build/build/src/ipc/chromium/src/chrome/common/ipc_channel_win.cc, line 346

###!!! [Child][MessageChannel::SendAndWait] Error: Channel error: cannot send/recv

_win.cc, line 346
Unable to read VR Path Registry from C:\Users\miele\AppData\Local\openvr\openvrpaths.vrpath
[Child 9452] WARNING: pipe error: 109: file z:/build/build/src/ipc/chromium/src/chrome/common/ipc_channel_win.cc, line 346
[Child 9452] WARNING: pipe error: 109: file z:/build/build/src/ipc/chromium/src/chrome/common/ipc_channel_win.cc, line 346

###!!! [Child][MessageChannel::SendAndWait] Error: Channel error: cannot send/recv

1509905693962	geckodriver	INFO	geckodriver 0.19.1
1509905693975	geckodriver	INFO	Listening on 127.0.0.1:35073
1509905696060	mozrunner::runner	INFO	Running command: "C:\\Program Files\\Mozilla Firefox\\firefox.exe" "-marionette" "-profile" "C:\\Users\\miele\\AppData\\Local\\Temp\\rust_mozprofile.V6cOk2G34KMd"
1509905696871	addons.xpi	WARN	Error parsing extensions state: [Exception... "Component returned failure code: 0x80520012 (NS_ERROR_FILE_NOT_FOUND) [amIAddonManagerStartup.readStartupData]"  nsresult: "0x80520012 (NS_ERROR_FILE_NOT_FOUND)"  location: "JS frame :: resource://gre/modules/addons/XPIProvider.jsm :: loadExtensionState :: line 1554"  data: no] Stack trace: loadExtensionState()@resource://gre/modules/addons/XPIProvider.jsm:1554 < getInstallState()@resource://gre/modules/addons/XPIProvider.jsm:1589 < checkForChanges()@resource://gre/modules/addons/XPIProvider.jsm:3109 < startup()@resource://gre/modules/addons/XPIProvider.jsm:2188 < callProvider()@resource://gre/modules/AddonManager.jsm:269 < _startProvider()@resource://gre/modules/AddonManager.jsm:739 < startup()@resource://gre/modules/AddonManager.jsm:906 < startup()@resource://gre/modules/AddonManager.jsm:3090 < observe()@jar:file:///C:/Program%20Files/Mozilla%20Firefox/omni.ja!/components/addonManager.js:65
1509905698342	Marionette	INFO	Enabled via --marionette
Unable to read VR Path Registry from C:\Users\miele\AppData\Local\openvr\openvrpaths.vrpath
[Parent 9388] WARNING: pipe error: 109: file z:/build/build/src/ipc/chromium/src/chrome/common/ipc_channel_win.cc, line 346
1509905702593	Marionette	INFO	Listening on port 35079
1509905703387	Marionette	WARN	TLS certificate errors will be ignored for this session
1509905703452	Marionette	DEBUG	Register listener.js for window 4294967297
[Parent 9388] WARNING: pipe error: 109: file z:/build/build/src/ipc/chromium/src/chrome/common/ipc_channel_win.cc, line 346

###!!! [Child][MessageChannel::SendAndWait] Error: Channel error: cannot send/recv

 "-marionette" "-profile" "C:\\Users\\miele\\AppData\\Local\\Temp\\rust_mozprofile.uvf01ansXy9L"
1509905767807	addons.xpi	WARN	Error parsing extensions state: [Exception... "Component returned failure code: 0x80520012 (NS_ERROR_FILE_NOT_FOUND) [amIAddonManagerStartup.readStartupData]"  nsresult: "0x80520012 (NS_ERROR_FILE_NOT_FOUND)"  location: "JS frame :: resource://gre/modules/addons/XPIProvider.jsm :: loadExtensionState :: line 1554"  data: no] Stack trace: loadExtensionState()@resource://gre/modules/addons/XPIProvider.jsm:1554 < getInstallState()@resource://gre/modules/addons/XPIProvider.jsm:1589 < checkForChanges()@resource://gre/modules/addons/XPIProvider.jsm:3109 < startup()@resource://gre/modules/addons/XPIProvider.jsm:2188 < callProvider()@resource://gre/modules/AddonManager.jsm:269 < _startProvider()@resource://gre/modules/AddonManager.jsm:739 < startup()@resource://gre/modules/AddonManager.jsm:906 < startup()@resource://gre/modules/AddonManager.jsm:3090 < observe()@jar:file:///C:/Program%20Files/Mozilla%20Firefox/omni.ja!/components/addonManager.js:65
1509905769268	Marionette	INFO	Enabled via --marionette
1509905774392	Marionette	INFO	Listening on port 35125
1509905774598	Marionette	WARN	TLS certificate errors will be ignored for this session
1509905774652	Marionette	DEBUG	Register listener.js for window 4294967297
Unable to read VR Path Registry from C:\Users\miele\AppData\Local\openvr\openvrpaths.vrpath
[Parent 9272] WARNING: pipe error: 109: file z:/build/build/src/ipc/chromium/src/chrome/common/ipc_channel_win.cc, line 346
[Parent 9272] WARNING: pipe error: 109: file z:/build/build/src/ipc/chromium/src/chrome/common/ipc_channel_win.cc, line 346
*** UTM:SVC TimerManager:registerTimer called after profile-before-change notification. Ignoring timer registration for id: telemetry_modules_ping
Unable to read VR Path Registry from C:\Users\miele\AppData\Local\openvr\openvrpaths.vrpath
[GPU 4792] WARNING: pipe error: 109: file z:/build/build/src/ipc/chromium/src/chrome/common/ipc_channel_win.cc, line 346

###!!! [Child][MessageChannel::SendAndWait] Error: Channel error: cannot send/recv

addons/XPIProvider.jsm:1589 < checkForChanges()@resource://gre/modules/addons/XPIProvider.jsm:3109 < startup()@resource://gre/modules/addons/XPIProvider.jsm:2188 < callProvider()@resource://gre/modules/AddonManager.jsm:269 < _startProvider()@resource://gre/modules/AddonManager.jsm:739 < startup()@resource://gre/modules/AddonManager.jsm:906 < startup()@resource://gre/modules/AddonManager.jsm:3090 < observe()@jar:file:///C:/Program%20Files/Mozilla%20Firefox/omni.ja!/components/addonManager.js:65
1509905802124	Marionette	INFO	Enabled via --marionette
Unable to read VR Path Registry from C:\Users\miele\AppData\Local\openvr\openvrpaths.vrpath
[Child 9232] WARNING: pipe error: 109: file z:/build/build/src/ipc/chromium/src/chrome/common/ipc_channel_win.cc, line 346
[Child 9232] WARNING: pipe error: 109: file z:/build/build/src/ipc/chromium/src/chrome/common/ipc_channel_win.cc, line 346
1509905809820	Marionette	INFO	Listening on port 35167
1509905810003	Marionette	WARN	TLS certificate errors will be ignored for this session
1509905810065	Marionette	DEBUG	Register listener.js for window 4294967297
Unable to read VR Path Registry from C:\Users\miele\AppData\Local\openvr\openvrpaths.vrpath
[Parent 9376] WARNING: pipe error: 109: file z:/build/build/src/ipc/chromium/src/chrome/common/ipc_channel_win.cc, line 346
[Parent 9376] WARNING: pipe error: 109: file z:/build/build/src/ipc/chromium/src/chrome/common/ipc_channel_win.cc, line 346

###!!! [Child][MessageChannel::SendAndWait] Error: Channel error: cannot send/recv

(NS_ERROR_FILE_NOT_FOUND) [amIAddonManagerStartup.readStartupData]"  nsresult: "0x80520012 (NS_ERROR_FILE_NOT_FOUND)"  location: "JS frame :: resource://gre/modules/addons/XPIProvider.jsm :: loadExtensionState :: line 1554"  data: no] Stack trace: loadExtensionState()@resource://gre/modules/addons/XPIProvider.jsm:1554 < getInstallState()@resource://gre/modules/addons/XPIProvider.jsm:1589 < checkForChanges()@resource://gre/modules/addons/XPIProvider.jsm:3109 < startup()@resource://gre/modules/addons/XPIProvider.jsm:2188 < callProvider()@resource://gre/modules/AddonManager.jsm:269 < _startProvider()@resource://gre/modules/AddonManager.jsm:739 < startup()@resource://gre/modules/AddonManager.jsm:906 < startup()@resource://gre/modules/AddonManager.jsm:3090 < observe()@jar:file:///C:/Program%20Files/Mozilla%20Firefox/omni.ja!/components/addonManager.js:65
1509905865968	Marionette	INFO	Enabled via --marionette
Unable to read VR Path Registry from C:\Users\miele\AppData\Local\openvr\openvrpaths.vrpath
[Child 10196] WARNING: pipe error: 109: file z:/build/build/src/ipc/chromium/src/chrome/common/ipc_channel_win.cc, line 346
1509905872167	Marionette	INFO	Listening on port 35211
1509905873187	Marionette	WARN	TLS certificate errors will be ignored for this session
1509905873245	Marionette	DEBUG	Register listener.js for window 4294967297
Unable to read VR Path Registry from C:\Users\miele\AppData\Local\openvr\openvrpaths.vrpath
[Child 9516] WARN1509905912559	mozrunner::runner	INFO	Running command: "C:\\Program Files\\Mozilla Firefox\\firefox.exe" "-marionette" "-profile" "C:\\Users\\miele\\AppData\\Local\\Temp\\rust_mozprofile.8XAnQW0TI6jQ"
1509905913394	addons.xpi	WARN	Error parsing extensions state: [Exception... "Component returned failure code: 0x80520012 (NS*** UTM:SVC TimerManager:registerTimer called after profile-before-change notification. Ignoring timer registration for id: telemetry_modules_ping

###!!! [Child][MessageChannel::SendAndWait] Error: Channel error: cannot send/recv

Unable to read VR Path Registry from C:\Users\miele\AppData\Local\openvr\openvrpaths.vrpath
State()@resource://gre/modules/addons/XPIProvider.jsm:1589 < checkForChanges()@resource://gre/modules/addons/XPIProvider.jsm:3109 < startup()@resource://gre/modules/addons/XPIProvider.jsm:2188 < callProvider()@resource://gre/modules/AddonManager.jsm:269 < _startProvider()@resource://gre/modules/AddonManager.jsm:739 < startup()@resource://gre/modules/AddonManager.jsm:906 < startup()@resource://gre/modules/AddonManager.jsm:3090 < observe()@jar:file:///C:/Program%20Files/Mozilla%20Firefox/omni.ja!/components/addonManager.js:65
1509905915025	Marionette	INFO	Enabled via --marionette
Unable to read VR Path Registry from C:\Users\miele\AppData\Local\openvr\openvrpaths.vrpath
[Child 9740] WARNING: pipe error: 109: file z:/build/build/src/ipc/chromium/src/chrome/common/ipc_channel_win.cc, line 346
[Child 9740] WARNING: pipe error: 109: file z:/build/build/src/ipc/chromium/src/chrome/common/ipc_channel_win.cc, line 346
1509905918671	Marionette	INFO	Listening on port 35254
1509905918826	Marionette	WARN	TLS certificate errors will be ignored for this session
1509905918887	Marionette	DEBUG	Register listener.js for window 4294967297

###!!! [Child][MessageChannel::SendAndWait] Error: Channel error: cannot send/recv

Unable to read VR Path Registry from C:\Users\miele\AppData\Local\openvr\openvrpaths.vrpath
1509906372800	geckodriver	INFO	geckodriver 0.19.1
1509906372816	geckodriver	INFO	Listening on 127.0.0.1:35317
1509906374772	mozrunner::runner	INFO	Running command: "C:\\Program Files\\Mozilla Firefox\\firefox.exe" "-marionette" "-profile" "C:\\Users\\miele\\AppData\\Local\\Temp\\rust_mozprofile.s2JepmW0wQvu"
1509906375759	addons.xpi	WARN	Error parsing extensions state: [Exception... "Component returned failure code: 0x80520012 (NS_ERROR_FILE_NOT_FOUND) [amIAddonManagerStartup.readStartupData]"  nsresult: "0x80520012 (NS_ERROR_FILE_NOT_FOUND)"  location: "JS frame :: resource://gre/modules/addons/XPIProvider.jsm :: loadExtensionState :: line 1554"  data: no] Stack trace: loadExtensionState()@resource://gre/modules/addons/XPIProvider.jsm:1554 < getInstallState()@resource://gre/modules/addons/XPIProvider.jsm:1589 < checkForChanges()@resource://gre/modules/addons/XPIProvider.jsm:3109 < startup()@resource://gre/modules/addons/XPIProvider.jsm:2188 < callProvider()@resource://gre/modules/AddonManager.jsm:269 < _startProvider()@resource://gre/modules/AddonManager.jsm:739 < startup()@resource://gre/modules/AddonManager.jsm:906 < startup()@resource://gre/modules/AddonManager.jsm:3090 < observe()@jar:file:///C:/Program%20Files/Mozilla%20Firefox/omni.ja!/components/addonManager.js:65
1509906377758	Marionette	INFO	Enabled via --marionette
Unable to read VR Path Registry from C:\Users\miele\AppData\Local\openvr\openvrpaths.vrpath
[Parent 4448] WARNING: pipe error: 109: file z:/build/build/src/ipc/chromium/src/chrome/common/ipc_channel_win.cc, line 346
1509906382204	Marionette	INFO	Listening on port 35323
1509906382411	Marionette	WARN	TLS certificate errors will be ignored for this session
1509906382469	Marionette	DEBUG	Register listener.js for window 4294967297
1509906382552	Marionette	DEBUG	Received DOM event "beforeunload" for "about:blank"
1509906386086	Marionette	DEBUG	Received DOM event "pagehide" for "about:blank"
1509906386086	Marionette	DEBUG	Received DOM event "unload" for "about:blank"
1509906386479	Marionette	DEBUG	Received DOM event "DOMContentLoaded" for "https://www.google.com.br/?gws_rd=ssl"
1509906387371	Marionette	DEBUG	Received observer notification "outer-window-destroyed" for "4294967301"
1509906388532	Marionette	DEBUG	Received DOM event "pageshow" for "https://www.google.com.br/?gws_rd=ssl"
[Parent 4448] WARNING: pipe error: 109: file z:/build/build/src/ipc/chromium/src/chrome/common/ipc_channel_win.cc, line 346

###!!! [Child][MessageChannel::SendAndWait] Error: Channel error: cannot send/recv

1509906445692	geckodriver	INFO	geckodriver 0.19.1
1509906445702	geckodriver	INFO	Listening on 127.0.0.1:35371
1509906447683	mozrunner::runner	INFO	Running command: "C:\\Program Files\\Mozilla Firefox\\firefox.exe" "-marionette" "-profile" "C:\\Users\\miele\\AppData\\Local\\Temp\\rust_mozprofile.7bpPxI4Nw7Qq"
1509906448583	addons.xpi	WARN	Error parsing extensions state: [Exception... "Component returned failure code: 0x80520012 (NS_ERROR_FILE_NOT_FOUND) [amIAddonManagerStartup.readStartupData]"  nsresult: "0x80520012 (NS_ERROR_FILE_NOT_FOUND)"  location: "JS frame :: resource://gre/modules/addons/XPIProvider.jsm :: loadExtensionState :: line 1554"  data: no] Stack trace: loadExtensionState()@resource://gre/modules/addons/XPIProvider.jsm:1554 < getInstallState()@resource://gre/modules/addons/XPIProvider.jsm:1589 < checkForChanges()@resource://gre/modules/addons/XPIProvider.jsm:3109 < startup()@resource://gre/modules/addons/XPIProvider.jsm:2188 < callProvider()@resource://gre/modules/AddonManager.jsm:269 < _startProvider()@resource://gre/modules/AddonManager.jsm:739 < startup()@resource://gre/modules/AddonManager.jsm:906 < startup()@resource://gre/modules/AddonManager.jsm:3090 < observe()@jar:file:///C:/Program%20Files/Mozilla%20Firefox/omni.ja!/components/addonManager.js:65
1509906449697	Marionette	INFO	Enabled via --marionette
Unable to read VR Path Registry from C:\Users\miele\AppData\Local\openvr\openvrpaths.vrpath
[Child 8508] WARNING: pipe error: 109: file z:/build/build/src/ipc/chromium/src/chrome/common/ipc_channel_win.cc, line 346
[Child 8508] WARNING: pipe error: 109: file z:/build/build/src/ipc/chromium/src/chrome/common/ipc_channel_win.cc, line 346
1509906453663	Marionette	INFO	Listening on port 35377
1509906454136	Marionette	WARN	TLS certificate errors will be ignored for this session
1509906454188	Marionette	DEBUG	Register listener.js for window 4294967297
1509906454234	Marionette	DEBUG	Received DOM event "beforeunload" for "about:blank"
1509906457914	Marionette	DEBUG	Received DOM event "pagehide" for "about:blank"
1509906457915	Marionette	DEBUG	Received DOM event "unload" for "about:blank"
1509906458327	Marionette	DEBUG	Received DOM event "DOMContentLoaded" for "https://www.google.com.br/?gws_rd=ssl"
1509906460045	Marionette	DEBUG	Received observer notification "outer-window-destroyed" for "4294967301"
1509906461096	Marionette	DEBUG	Received DOM event "pageshow" for "https://www.google.com.br/?gws_rd=ssl"
1509906461381	Marionette	DEBUG	Received DOM event "beforeunload" for "https://www.google.com.br/?gws_rd=ssl"
1509906461622	Marionette	DEBUG	Received DOM event "pagehide" for "https://www.google.com.br/?gws_rd=ssl"
1509906461626	Marionette	DEBUG	Received DOM event "unload" for "https://www.google.com.br/?gws_rd=ssl"
1509906461713	Marionette	DEBUG	Received observer notification "outer-window-destroyed" for "4294967303"
1509906462217	Marionette	DEBUG	Received DOM event "DOMContentLoaded" for "https://www.google.com.br/search?source=hp&ei=Glj_Wc-5FMWfwAS8yIW4DA&q=Live+de+python&oq=Live+de+python&gs_l=psy-ab.12...1567.1630.0.1694.14.1.0.0.0.0.0.0..0.0....0...1.1.64.psy-ab..14.0.0....0.f-BYxt5ytNI"
1509906462565	Marionette	DEBUG	Received observer notification "outer-window-destroyed" for "4294967306"
1509906462736	Marionette	DEBUG	Received DOM event "pageshow" for "https://www.google.com.br/search?source=hp&ei=Glj_Wc-5FMWfwAS8yIW4DA&q=Live+de+python&oq=Live+de+python&gs_l=psy-ab.12...1567.1630.0.1694.14.1.0.0.0.0.0.0..0.0....0...1.1.64.psy-ab..14.0.0....0.f-BYxt5ytNI"
Unable to read VR Path Registry from C:\Users\miele\AppData\Local\openvr\openvrpaths.vrpath
[Parent 7964] WARNING: pipe error: 109: file z:/build/build/src/ipc/chromium/src/chrome/common/ipc_channel_win.cc, line 346
Unable to read VR Path Registry from C:\Users\miele\AppData\Local\openvr\openvrpaths.vrpath
[Child 2992] WARNING: pipe error: 109: file z:/build/build/src/ipc/chromium/src/chrome/common/ipc_channel_win.cc, line 346
Unable to read VR Path Registry from C:\Users\miele\AppData\Local\openvr\openvrpaths.vrpath
[Child 9432] WARNING: pipe error: 109: file z:/build/build/src/ipc/chromium/src/chrome/common/ipc_channel_win.cc, line 346
[Child 9432] WARNING: pipe error: 109: file z:/build/build/src/ipc/chromium/src/chrome/common/ipc_channel_win.cc, line 346
*** UTM:SVC TimerManager:registerTimer called after profile-before-change notification. Ignoring timer registration for id: telemetry_modules_ping

###!!! [Child][MessageChannel::SendAndWait] Error: Channel error: cannot send/recv

1509906618696	geckodriver	INFO	geckodriver 0.19.1
1509906618707	geckodriver	INFO	Listening on 127.0.0.1:35436
1509906620775	mozrunner::runner	INFO	Running command: "C:\\Program Files\\Mozilla Firefox\\firefox.exe" "-marionette" "-profile" "C:\\Users\\miele\\AppData\\Local\\Temp\\rust_mozprofile.nAj25GoUU51G"
1509906621491	addons.xpi	WARN	Error parsing extensions state: [Exception... "Component returned failure code: 0x80520012 (NS_ERROR_FILE_NOT_FOUND) [amIAddonManagerStartup.readStartupData]"  nsresult: "0x80520012 (NS_ERROR_FILE_NOT_FOUND)"  location: "JS frame :: resource://gre/modules/addons/XPIProvider.jsm :: loadExtensionState :: line 1554"  data: no] Stack trace: loadExtensionState()@resource://gre/modules/addons/XPIProvider.jsm:1554 < getInstallState()@resource://gre/modules/addons/XPIProvider.jsm:1589 < checkForChanges()@resource://gre/modules/addons/XPIProvider.jsm:3109 < startup()@resource://gre/modules/addons/XPIProvider.jsm:2188 < callProvider()@resource://gre/modules/AddonManager.jsm:269 < _startProvider()@resource://gre/modules/AddonManager.jsm:739 < startup()@resource://gre/modules/AddonManager.jsm:906 < startup()@resource://gre/modules/AddonManager.jsm:3090 < observe()@jar:file:///C:/Program%20Files/Mozilla%20Firefox/omni.ja!/components/addonManager.js:65
1509906622690	Marionette	INFO	Enabled via --marionette
Unable to read VR Path Registry from C:\Users\miele\AppData\Local\openvr\openvrpaths.vrpath
[Child 7088] WARNING: pipe error: 109: file z:/build/build/src/ipc/chromium/src/chrome/common/ipc_channel_win.cc, line 346
[Child 7088] WARNING: pipe error: 109: file z:/build/build/src/ipc/chromium/src/chrome/common/ipc_channel_win.cc, line 346
1509906626362	Marionette	INFO	Listening on port 35442
1509906626511	Marionette	WARN	TLS certificate errors will be ignored for this session
1509906626584	Marionette	DEBUG	Register listener.js for window 4294967297
1509906626649	Marionette	DEBUG	Received DOM event "beforeunload" for "about:blank"
1509906629901	Marionette	DEBUG	Received DOM event "pagehide" for "about:blank"
1509906629902	Marionette	DEBUG	Received DOM event "unload" for "about:blank"
1509906630499	Marionette	DEBUG	Received DOM event "DOMContentLoaded" for "https://www.google.com.br/?gws_rd=ssl"
1509906631938	Marionette	DEBUG	Received observer notification "outer-window-destroyed" for "4294967301"
1509906632288	Marionette	DEBUG	Received DOM event "pageshow" for "https://www.google.com.br/?gws_rd=ssl"
1509906632638	Marionette	DEBUG	Received DOM event "beforeunload" for "https://www.google.com.br/?gws_rd=ssl"
1509906633399	Marionette	DEBUG	Received DOM event "pagehide" for "https://www.google.com.br/?gws_rd=ssl"
1509906633401	Marionette	DEBUG	Received DOM event "unload" for "https://www.google.com.br/?gws_rd=ssl"
1509906635437	Marionette	DEBUG	Received observer notification "outer-window-destroyed" for "4294967303"
1509906636967	Marionette	DEBUG	Received DOM event "DOMContentLoaded" for "https://www.youtube.com/watch?v=cfmV8NUzAhw"
1509906639655	Marionette	DEBUG	Received DOM event "pageshow" for "https://www.youtube.com/watch?v=cfmV8NUzAhw"
Unable to read VR Path Registry from C:\Users\miele\AppData\Local\openvr\openvrpaths.vrpath
[Parent 6400] WARNING: pipe error: 109: file z:/build/build/src/ipc/chromium/src/chrome/common/ipc_channel_win.cc, line 346
Unable to read VR Path Registry from C:\Users\miele\AppData\Local\openvr\openvrpaths.vrpath
[Child 8772] WARNING: pipe error: 109: file z:/build/build/src/ipc/chromium/src/chrome/common/ipc_channel_win.cc, line 346
[Child 8772] WARNING: pipe error: 109: file z:/build/build/src/ipc/chromium/src/chrome/common/ipc_channel_win.cc, line 346
*** UTM:SVC TimerManager:registerTimer called after profile-before-change notification. Ignoring timer registration for id: telemetry_modules_ping

###!!! [Child][MessageChannel::SendAndWait] Error: Channel error: cannot send/recv

1509907589711	geckodriver	INFO	geckodriver 0.19.1
1509907589725	geckodriver	INFO	Listening on 127.0.0.1:22326
1509907591828	mozrunner::runner	INFO	Running command: "C:\\Program Files\\Mozilla Firefox\\firefox.exe" "-marionette" "-profile" "C:\\Users\\miele\\AppData\\Local\\Temp\\rust_mozprofile.IBQHgL50lzup"
1509907594131	addons.xpi	WARN	Error parsing extensions state: [Exception... "Component returned failure code: 0x80520012 (NS_ERROR_FILE_NOT_FOUND) [amIAddonManagerStartup.readStartupData]"  nsresult: "0x80520012 (NS_ERROR_FILE_NOT_FOUND)"  location: "JS frame :: resource://gre/modules/addons/XPIProvider.jsm :: loadExtensionState :: line 1554"  data: no] Stack trace: loadExtensionState()@resource://gre/modules/addons/XPIProvider.jsm:1554 < getInstallState()@resource://gre/modules/addons/XPIProvider.jsm:1589 < checkForChanges()@resource://gre/modules/addons/XPIProvider.jsm:3109 < startup()@resource://gre/modules/addons/XPIProvider.jsm:2188 < callProvider()@resource://gre/modules/AddonManager.jsm:269 < _startProvider()@resource://gre/modules/AddonManager.jsm:739 < startup()@resource://gre/modules/AddonManager.jsm:906 < startup()@resource://gre/modules/AddonManager.jsm:3090 < observe()@jar:file:///C:/Program%20Files/Mozilla%20Firefox/omni.ja!/components/addonManager.js:65
1509907595446	Marionette	INFO	Enabled via --marionette
Unable to read VR Path Registry from C:\Users\miele\AppData\Local\openvr\openvrpaths.vrpath
[Child 5076] WARNING: pipe error: 109: file z:/build/build/src/ipc/chromium/src/chrome/common/ipc_channel_win.cc, line 346
[Child 5076] WARNING: pipe error: 109: file z:/build/build/src/ipc/chromium/src/chrome/common/ipc_channel_win.cc, line 346
1509907599544	Marionette	INFO	Listening on port 22332
1509907599841	Marionette	WARN	TLS certificate errors will be ignored for this session
1509907599902	Marionette	DEBUG	Register listener.js for window 4294967297
1509907599984	Marionette	DEBUG	Received DOM event "beforeunload" for "about:blank"
1509907621135	Marionette	DEBUG	Received DOM event "beforeunload" for "about:blank"
1509907621138	Marionette	DEBUG	Received DOM event "pagehide" for "about:blank"
1509907621138	Marionette	DEBUG	Received DOM event "unload" for "about:blank"
1509907621222	Marionette	DEBUG	Received DOM event "DOMContentLoaded" for "about:neterror?e=netTimeout&u=http%3A//www.cultcampinas.com.br/&c=UTF-8&f=regular&d=O%20servidor%20www.cultcampinas.com.br%20demorou%20muito%20para%20responder."

###!!! [Child][MessageChannel::SendAndWait] Error: Channel error: cannot send/recv

Unable to read VR Path Registry from C:\Users\miele\AppData\Local\openvr\openvrpaths.vrpath
1509910596392	geckodriver	INFO	geckodriver 0.19.1
1509910596407	geckodriver	INFO	Listening on 127.0.0.1:1907
1509910598520	mozrunner::runner	INFO	Running command: "C:\\Program Files\\Mozilla Firefox\\firefox.exe" "-marionette" "-profile" "C:\\Users\\miele\\AppData\\Local\\Temp\\rust_mozprofile.xU7JbNKaPr2p"
1509910600199	addons.xpi	WARN	Error parsing extensions state: [Exception... "Component returned failure code: 0x80520012 (NS_ERROR_FILE_NOT_FOUND) [amIAddonManagerStartup.readStartupData]"  nsresult: "0x80520012 (NS_ERROR_FILE_NOT_FOUND)"  location: "JS frame :: resource://gre/modules/addons/XPIProvider.jsm :: loadExtensionState :: line 1554"  data: no] Stack trace: loadExtensionState()@resource://gre/modules/addons/XPIProvider.jsm:1554 < getInstallState()@resource://gre/modules/addons/XPIProvider.jsm:1589 < checkForChanges()@resource://gre/modules/addons/XPIProvider.jsm:3109 < startup()@resource://gre/modules/addons/XPIProvider.jsm:2188 < callProvider()@resource://gre/modules/AddonManager.jsm:269 < _startProvider()@resource://gre/modules/AddonManager.jsm:739 < startup()@resource://gre/modules/AddonManager.jsm:906 < startup()@resource://gre/modules/AddonManager.jsm:3090 < observe()@jar:file:///C:/Program%20Files/Mozilla%20Firefox/omni.ja!/components/addonManager.js:65
1509910601370	Marionette	INFO	Enabled via --marionette
1509910605463	Marionette	INFO	Listening on port 1913
1509910605971	Marionette	WARN	TLS certificate errors will be ignored for this session
1509910606027	Marionette	DEBUG	Register listener.js for window 4294967297
1509910606053	Marionette	DEBUG	Received DOM event "beforeunload" for "about:blank"
1509910627191	Marionette	DEBUG	Received DOM event "beforeunload" for "about:blank"
1509910627193	Marionette	DEBUG	Received DOM event "pagehide" for "about:blank"
1509910627193	Marionette	DEBUG	Received DOM event "unload" for "about:blank"
1509910627261	Marionette	DEBUG	Received DOM event "DOMContentLoaded" for "about:neterror?e=netTimeout&u=http%3A//www.cultcampinas.com.br/&c=UTF-8&f=regular&d=O%20servidor%20www.cultcampinas.com.br%20demorou%20muito%20para%20responder."
Unable to read VR Path Registry from C:\Users\miele\AppData\Local\openvr\openvrpaths.vrpath
JavaScript error: jar:file:///C:/Program%20Files/Mozilla%20Firefox/browser/omni.ja!/components/nsBrowserGlue.js, line 994: TypeError: win is null
JavaScript error: jar:file:///C:/Program%20Files/Mozilla%20Firefox/browser/omni.ja!/components/nsBrowserGlue.js, line 994: TypeError: win is null

###!!! [Child][MessageChannel::SendAndWait] Error: Channel error: cannot send/recv

1509910768107	geckodriver	INFO	geckodriver 0.19.1
1509910768122	geckodriver	INFO	Listening on 127.0.0.1:1952
1509910770231	mozrunner::runner	INFO	Running command: "C:\\Program Files\\Mozilla Firefox\\firefox.exe" "-marionette" "-profile" "C:\\Users\\miele\\AppData\\Local\\Temp\\rust_mozprofile.IEwzkL7QF8nS"
1509910772130	addons.xpi	WARN	Error parsing extensions state: [Exception... "Component returned failure code: 0x80520012 (NS_ERROR_FILE_NOT_FOUND) [amIAddonManagerStartup.readStartupData]"  nsresult: "0x80520012 (NS_ERROR_FILE_NOT_FOUND)"  location: "JS frame :: resource://gre/modules/addons/XPIProvider.jsm :: loadExtensionState :: line 1554"  data: no] Stack trace: loadExtensionState()@resource://gre/modules/addons/XPIProvider.jsm:1554 < getInstallState()@resource://gre/modules/addons/XPIProvider.jsm:1589 < checkForChanges()@resource://gre/modules/addons/XPIProvider.jsm:3109 < startup()@resource://gre/modules/addons/XPIProvider.jsm:2188 < callProvider()@resource://gre/modules/AddonManager.jsm:269 < _startProvider()@resource://gre/modules/AddonManager.jsm:739 < startup()@resource://gre/modules/AddonManager.jsm:906 < startup()@resource://gre/modules/AddonManager.jsm:3090 < observe()@jar:file:///C:/Program%20Files/Mozilla%20Firefox/omni.ja!/components/addonManager.js:65
1509910773315	Marionette	INFO	Enabled via --marionette
Unable to read VR Path Registry from C:\Users\miele\AppData\Local\openvr\openvrpaths.vrpath
[Child 6516] WARNING: pipe error: 109: file z:/build/build/src/ipc/chromium/src/chrome/common/ipc_channel_win.cc, line 346
[Child 6516] WARNING: pipe error: 109: file z:/build/build/src/ipc/chromium/src/chrome/common/ipc_channel_win.cc, line 346
1509910777480	Marionette	INFO	Listening on port 1958
1509910777678	Marionette	WARN	TLS certificate errors will be ignored for this session
1509910777730	Marionette	DEBUG	Register listener.js for window 4294967297
1509910777765	Marionette	DEBUG	Received DOM event "beforeunload" for "about:blank"
1509910798845	Marionette	DEBUG	Received DOM event "beforeunload" for "about:blank"
1509910798848	Marionette	DEBUG	Received DOM event "pagehide" for "about:blank"
1509910798848	Marionette	DEBUG	Received DOM event "unload" for "about:blank"
1509910798895	Marionette	DEBUG	Received DOM event "DOMContentLoaded" for "about:neterror?e=netTimeout&u=http%3A//www.cultcampinas.com.br/&c=UTF-8&f=regular&d=O%20servidor%20www.cultcampinas.com.br%20demorou%20muito%20para%20responder."
*** UTM:SVC TimerManager:registerTimer called after profile-before-change notification. Ignoring timer registration for id: telemetry_modules_ping

###!!! [Child][MessageChannel::SendAndWait] Error: Channel error: cannot send/recv

Unable to read VR Path Registry from C:\Users\miele\AppData\Local\openvr\openvrpaths.vrpath
.xpi	WARN	Error parsing extensions state: [Exception... "Component returned failure code: 0x80520012 (NS_ERROR_FILE_NOT_FOUND) [amIAddonManagerStartup.readStartupData]"  nsresult: "0x80520012 (NS_ERROR_FILE_NOT_FOUND)"  location: "JS frame :: resource://gre/modules/addons/XPIProvider.jsm :: loadExtensionState :: line 1554"  data: no] Stack trace: loadExtensionState()@resource://gre/modules/addons/XPIProvider.jsm:1554 < getInstallState()@resource://gre/modules/addons/XPIProvider.jsm:1589 < checkForChanges()@resource://gre/modules/addons/XPIProvider.jsm:3109 < startup()@resource://gre/modules/addons/XPIProvider.jsm:2188 < callProvider()@resource://gre/modules/AddonManager.jsm:269 < _startProvider()@resource://gre/modules/AddonManager.jsm:739 < startup()@resource://gre/modules/AddonManager.jsm:906 < startup()@resource://gre/modules/AddonManager.jsm:3090 < observe()@jar:file:///C:/Program%20Files/Mozilla%20Firefox/omni.ja!/components/addonManager.js:65
1509910822920	Marionette	INFO	Enabled via --marionette
Unable to read VR Path Registry from C:\Users\miele\AppData\Local\openvr\openvrpaths.vrpath
[Child 2496] WARNING: pipe error: 109: file z:/build/build/src/ipc/chromium/src/chrome/common/ipc_channel_win.cc, line 346
1509910829883	Marionette	INFO	Listening on port 2001
1509910830240	Marionette	WARN	TLS certificate errors will be ignored for this session
1509910830302	Marionette	DEBUG	Register listener.js for window 4294967297
1509910830337	Marionette	DEBUG	Received DOM event "beforeunload" for "about:blank"
1509910832023	Marionette	DEBUG	Received DOM event "pagehide" for "about:blank"
1509910832024	Marionette	DEBUG	Received DOM event "unload" for "about:blank"
1509910837090	Marionette	DEBUG	Received DOM event "DOMContentLoaded" for "https://www.kixeye.com/forum/discussion/715463"
1509910840716	Marionette	DEBUG	Received DOM event "pageshow" for "https://www.kixeye.com/forum/discussion/715463"
Unable to read VR Path Registry from C:\Users\miele\AppData\Local\openvr\openvrpaths.vrpath
JavaScript warning: https://community.kixeye.com/js/library/jquery.js?v=2.4.202.59e8d160, line 1: Using //@ to indicate sourceMappingURL pragmas is deprecated. Use //# instead
JavaScript warning: https://community.kixeye.com/plugins/editor/js/editor.js?v=1.8.1.59e8d160, line 672: unreachable code after return statement
JavaScript error: resource://gre/modules/commonjs/toolkit/loader.js -> resource://devtools/server/actors/highlighters/auto-refresh.js, line 202: TypeError: this.win is null
JavaScript error: resource://gre/modules/commonjs/toolkit/loader.js -> resource://devtools/server/actors/highlighters/auto-refresh.js, line 202: TypeError: this.win is null
IPDL protocol error: Handler returned error code!

###!!! [Parent][DispatchAsyncMessage] Error: PLayerTransaction::Msg_ReleaseLayer Processing error: message was deserialized, but the handler returned false (indicating failure)

IPDL protocol error: Handler returned error code!

###!!! [Parent][DispatchAsyncMessage] Error: PLayerTransaction::Msg_ReleaseLayer Processing error: message was deserialized, but the handler returned false (indicating failure)

IPDL protocol error: Handler returned error code!

###!!! [Parent][DispatchAsyncMessage] Error: PLayerTransaction::Msg_ReleaseLayer Processing error: message was deserialized, but the handler returned false (indicating failure)

IPDL protocol error: Handler returned error code!

###!!! [Parent][DispatchAsyncMessage] Error: PLayerTransaction::Msg_ReleaseLayer Processing error: message was deserialized, but the handler returned false (indicating failure)

IPDL protocol error: Handler returned error code!

###!!! [Parent][DispatchAsyncMessage] Error: PLayerTransaction::Msg_ReleaseLayer Processing error: message was deserialized, but the handler returned false (indicating failure)

IPDL protocol error: Handler returned error code!

###!!! [Parent][DispatchAsyncMessage] Error: PLayerTransaction::Msg_ReleaseLayer Processing error: message was deserialized, but the handler returned false (indicating failure)

IPDL protocol error: Handler returned error code!

###!!! [Parent][DispatchAsyncMessage] Error: PLayerTransaction::Msg_ReleaseLayer Processing error: message was deserialized, but the handler returned false (indicating failure)


###!!! [Child][MessageChannel::SendAndWait] Error: Channel error: cannot send/recv

Unable to read VR Path Registry from C:\Users\miele\AppData\Local\openvr\openvrpaths.vrpath
1509916579459	geckodriver	INFO	geckodriver 0.19.1
1509916579477	geckodriver	INFO	Listening on 127.0.0.1:2682
1509916581807	mozrunner::runner	INFO	Running command: "C:\\Program Files\\Mozilla Firefox\\firefox.exe" "-marionette" "-profile" "C:\\Users\\miele\\AppData\\Local\\Temp\\rust_mozprofile.MxGSPdBOvHVG"
1509916585066	addons.xpi	WARN	Error parsing extensions state: [Exception... "Component returned failure code: 0x80520012 (NS_ERROR_FILE_NOT_FOUND) [amIAddonManagerStartup.readStartupData]"  nsresult: "0x80520012 (NS_ERROR_FILE_NOT_FOUND)"  location: "JS frame :: resource://gre/modules/addons/XPIProvider.jsm :: loadExtensionState :: line 1554"  data: no] Stack trace: loadExtensionState()@resource://gre/modules/addons/XPIProvider.jsm:1554 < getInstallState()@resource://gre/modules/addons/XPIProvider.jsm:1589 < checkForChanges()@resource://gre/modules/addons/XPIProvider.jsm:3109 < startup()@resource://gre/modules/addons/XPIProvider.jsm:2188 < callProvider()@resource://gre/modules/AddonManager.jsm:269 < _startProvider()@resource://gre/modules/AddonManager.jsm:739 < startup()@resource://gre/modules/AddonManager.jsm:906 < startup()@resource://gre/modules/AddonManager.jsm:3090 < observe()@jar:file:///C:/Program%20Files/Mozilla%20Firefox/omni.ja!/components/addonManager.js:65
1509916586417	Marionette	INFO	Enabled via --marionette
Unable to read VR Path Registry from C:\Users\miele\AppData\Local\openvr\openvrpaths.vrpath
[Parent 6352] WARNING: pipe error: 109: file z:/build/build/src/ipc/chromium/src/chrome/common/ipc_channel_win.cc, line 346
1509916591983	Marionette	INFO	Listening on port 2688
1509916592409	Marionette	WARN	TLS certificate errors will be ignored for this session
1509916592637	Marionette	DEBUG	Register listener.js for window 4294967297
1509916592725	Marionette	DEBUG	Received DOM event "beforeunload" for "about:blank"
1509916594448	Marionette	DEBUG	Received DOM event "pagehide" for "about:blank"
1509916594448	Marionette	DEBUG	Received DOM event "unload" for "about:blank"
1509916598101	Marionette	DEBUG	Received DOM event "DOMContentLoaded" for "https://www.kixeye.com/forum/discussion/715463"
1509916601136	Marionette	DEBUG	Received DOM event "pageshow" for "https://www.kixeye.com/forum/discussion/715463"
Unable to read VR Path Registry from C:\Users\miele\AppData\Local\openvr\openvrpaths.vrpath
JavaScript warning: https://community.kixeye.com/js/library/jquery.js?v=2.4.202.59e8d160, line 1: Using //@ to indicate sourceMappingURL pragmas is deprecated. Use //# instead
JavaScript warning: https://community.kixeye.com/plugins/editor/js/editor.js?v=1.8.1.59e8d160, line 672: unreachable code after return statement
JavaScript error: resource://gre/modules/commonjs/toolkit/loader.js -> resource://devtools/server/actors/highlighters/auto-refresh.js, line 202: TypeError: this.win is null
[Parent 6352] WARNING: pipe error: 109: file z:/build/build/src/ipc/chromium/src/chrome/common/ipc_channel_win.cc, line 346

###!!! [Child][MessageChannel::SendAndWait] Error: Channel error: cannot send/recv

1511045037489	geckodriver	INFO	geckodriver 0.19.1
1511045037510	geckodriver	INFO	Listening on 127.0.0.1:9772
1511045039258	mozrunner::runner	INFO	Running command: "C:\\Program Files\\Mozilla Firefox\\firefox.exe" "-marionette" "-profile" "C:\\Users\\miele\\AppData\\Local\\Temp\\rust_mozprofile.iIHL9toByNvL"
1511045042755	addons.xpi	WARN	Error parsing extensions state: [Exception... "Component returned failure code: 0x80520012 (NS_ERROR_FILE_NOT_FOUND) [amIAddonManagerStartup.readStartupData]"  nsresult: "0x80520012 (NS_ERROR_FILE_NOT_FOUND)"  location: "JS frame :: resource://gre/modules/addons/XPIProvider.jsm :: loadExtensionState :: line 1554"  data: no] Stack trace: loadExtensionState()@resource://gre/modules/addons/XPIProvider.jsm:1554 < getInstallState()@resource://gre/modules/addons/XPIProvider.jsm:1589 < checkForChanges()@resource://gre/modules/addons/XPIProvider.jsm:3109 < startup()@resource://gre/modules/addons/XPIProvider.jsm:2188 < callProvider()@resource://gre/modules/AddonManager.jsm:269 < _startProvider()@resource://gre/modules/AddonManager.jsm:739 < startup()@resource://gre/modules/AddonManager.jsm:906 < startup()@resource://gre/modules/AddonManager.jsm:3090 < observe()@jar:file:///C:/Program%20Files/Mozilla%20Firefox/omni.ja!/components/addonManager.js:65
1511045045163	Marionette	INFO	Enabled via --marionette
1511045074809	Marionette	INFO	Listening on port 9778
1511045076766	Marionette	WARN	TLS certificate errors will be ignored for this session
1511045076850	Marionette	DEBUG	Register listener.js for window 6442450945
1511045077424	Marionette	DEBUG	Received DOM event "beforeunload" for "about:blank"
1511045079427	Marionette	DEBUG	Received DOM event "pagehide" for "about:blank"
1511045079428	Marionette	DEBUG	Received DOM event "unload" for "about:blank"
1511045091249	Marionette	DEBUG	Received DOM event "DOMContentLoaded" for "https://www.kixeye.com/forum/discussion/715463"
1511045094984	Marionette	DEBUG	Received DOM event "pageshow" for "https://www.kixeye.com/forum/discussion/715463"
Unable to read VR Path Registry from C:\Users\miele\AppData\Local\openvr\openvrpaths.vrpath
JavaScript warning: https://community.kixeye.com/js/library/jquery.js?v=2.4.202.5a0c67b5, line 1: Using //@ to indicate sourceMappingURL pragmas is deprecated. Use //# instead
JavaScript warning: https://community.kixeye.com/plugins/editor/js/editor.js?v=1.8.1.5a0c67b5, line 672: unreachable code after return statement
IPDL protocol error: Handler returned error code!

###!!! [Parent][DispatchAsyncMessage] Error: PLayerTransaction::Msg_ReleaseLayer Processing error: message was deserialized, but the handler returned false (indicating failure)

IPDL protocol error: Handler returned error code!

###!!! [Parent][DispatchAsyncMessage] Error: PLayerTransaction::Msg_ReleaseLayer Processing error: message was deserialized, but the handler returned false (indicating failure)

IPDL protocol error: Handler returned error code!

###!!! [Parent][DispatchAsyncMessage] Error: PLayerTransaction::Msg_ReleaseLayer Processing error: message was deserialized, but the handler returned false (indicating failure)

IPDL protocol error: Handler returned error code!

###!!! [Parent][DispatchAsyncMessage] Error: PLayerTransaction::Msg_ReleaseLayer Processing error: message was deserialized, but the handler returned false (indicating failure)

IPDL protocol error: Handler returned error code!

###!!! [Parent][DispatchAsyncMessage] Error: PLayerTransaction::Msg_ReleaseLayer Processing error: message was deserialized, but the handler returned false (indicating failure)

IPDL protocol error: Handler returned error code!

###!!! [Parent][DispatchAsyncMessage] Error: PLayerTransaction::Msg_ReleaseLayer Processing error: message was deserialized, but the handler returned false (indicating failure)

IPDL protocol error: Handler returned error code!

###!!! [Parent][DispatchAsyncMessage] Error: PLayerTransaction::Msg_ReleaseLayer Processing error: message was deserialized, but the handler returned false (indicating failure)

Unable to read VR Path Registry from C:\Users\miele\AppData\Local\openvr\openvrpaths.vrpath
[Parent 6256] WARNING: pipe error: 109: file z:/build/build/src/ipc/chromium/src/chrome/common/ipc_channel_win.cc, line 346
[Parent 6256] WARNING: pipe error: 109: file z:/build/build/src/ipc/chromium/src/chrome/common/ipc_channel_win.cc, line 346
Unable to read VR Path Registry from C:\Users\miele\AppData\Local\openvr\openvrpaths.vrpath
[GPU 7148] WARNING: pipe error: 109: file z:/build/build/src/ipc/chromium/src/chrome/common/ipc_channel_win.cc, line 346

###!!! [Child][MessageChannel::SendAndWait] Error: Channel error: cannot send/recv

1511133766228	geckodriver	INFO	geckodriver 0.19.1
1511133766285	geckodriver	INFO	Listening on 127.0.0.1:6048
1511133768604	mozrunner::runner	INFO	Running command: "C:\\Program Files\\Mozilla Firefox\\firefox.exe" "-marionette" "-profile" "C:\\Users\\miele\\AppData\\Local\\Temp\\rust_mozprofile.KcE1BLSa6TzW"
1511133772949	addons.xpi	WARN	Error parsing extensions state: [Exception... "Component returned failure code: 0x80520012 (NS_ERROR_FILE_NOT_FOUND) [amIAddonManagerStartup.readStartupData]"  nsresult: "0x80520012 (NS_ERROR_FILE_NOT_FOUND)"  location: "JS frame :: resource://gre/modules/addons/XPIProvider.jsm :: loadExtensionState :: line 1554"  data: no] Stack trace: loadExtensionState()@resource://gre/modules/addons/XPIProvider.jsm:1554 < getInstallState()@resource://gre/modules/addons/XPIProvider.jsm:1589 < checkForChanges()@resource://gre/modules/addons/XPIProvider.jsm:3109 < startup()@resource://gre/modules/addons/XPIProvider.jsm:2188 < callProvider()@resource://gre/modules/AddonManager.jsm:269 < _startProvider()@resource://gre/modules/AddonManager.jsm:739 < startup()@resource://gre/modules/AddonManager.jsm:906 < startup()@resource://gre/modules/AddonManager.jsm:3090 < observe()@jar:file:///C:/Program%20Files/Mozilla%20Firefox/omni.ja!/components/addonManager.js:65
1511133777122	Marionette	INFO	Enabled via --marionette
Unable to read VR Path Registry from C:\Users\miele\AppData\Local\openvr\openvrpaths.vrpath
[Child 10228] WARNING: pipe error: 109: file z:/build/build/src/ipc/chromium/src/chrome/common/ipc_channel_win.cc, line 346
[Child 10228] WARNING: pipe error: 109: file z:/build/build/src/ipc/chromium/src/chrome/common/ipc_channel_win.cc, line 346
1511133794022	Marionette	INFO	Listening on port 6054
1511133795315	Marionette	WARN	TLS certificate errors will be ignored for this session
1511133795423	Marionette	DEBUG	Register listener.js for window 4294967297
1511133795477	Marionette	DEBUG	Received DOM event "beforeunload" for "about:blank"
1511133797156	Marionette	DEBUG	Received DOM event "pagehide" for "about:blank"
1511133797156	Marionette	DEBUG	Received DOM event "unload" for "about:blank"
1511133805229	Marionette	DEBUG	Received DOM event "DOMContentLoaded" for "https://www.kixeye.com/forum/discussion/715463"
Unable to read VR Path Registry from C:\Users\miele\AppData\Local\openvr\openvrpaths.vrpath
[Parent 7628] WARNING: pipe error: 109: file z:/build/build/src/ipc/chromium/src/chrome/common/ipc_channel_win.cc, line 346
IPDL protocol error: Handler returned error code!

###!!! [Parent][DispatchAsyncMessage] Error: PLayerTransaction::Msg_ReleaseLayer Processing error: message was deserialized, but the handler returned false (indicating failure)

IPDL protocol error: Handler returned error code!

###!!! [Parent][DispatchAsyncMessage] Error: PLayerTransaction::Msg_ReleaseLayer Processing error: message was deserialized, but the handler returned false (indicating failure)

IPDL protocol error: Handler returned error code!

###!!! [Parent][DispatchAsyncMessage] Error: PLayerTransaction::Msg_ReleaseLayer Processing error: message was deserialized, but the handler returned false (indicating failure)

IPDL protocol error: Handler returned error code!

###!!! [Parent][DispatchAsyncMessage] Error: PLayerTransaction::Msg_ReleaseLayer Processing error: message was deserialized, but the handler returned false (indicating failure)

IPDL protocol error: Handler returned error code!

###!!! [Parent][DispatchAsyncMessage] Error: PLayerTransaction::Msg_ReleaseLayer Processing error: message was deserialized, but the handler returned false (indicating failure)

IPDL protocol error: Handler returned error code!

###!!! [Parent][DispatchAsyncMessage] Error: PLayerTransaction::Msg_ReleaseLayer Processing error: message was deserialized, but the handler returned false (indicating failure)

IPDL protocol error: Handler returned error code!

###!!! [Parent][DispatchAsyncMessage] Error: PLayerTransaction::Msg_ReleaseLayer Processing error: message was deserialized, but the handler returned false (indicating failure)

IPDL protocol error: Handler returned error code!

###!!! [Parent][DispatchAsyncMessage] Error: PLayerTransaction::Msg_ReleaseLayer Processing error: message was deserialized, but the handler returned false (indicating failure)

IPDL protocol error: Handler returned error code!

###!!! [Parent][DispatchAsyncMessage] Error: PLayerTransaction::Msg_ReleaseLayer Processing error: message was deserialized, but the handler returned false (indicating failure)

IPDL protocol error: Handler returned error code!

###!!! [Parent][DispatchAsyncMessage] Error: PLayerTransaction::Msg_ReleaseLayer Processing error: message was deserialized, but the handler returned false (indicating failure)

IPDL protocol error: Handler returned error code!

###!!! [Parent][DispatchAsyncMessage] Error: PLayerTransaction::Msg_ReleaseLayer Processing error: message was deserialized, but the handler returned false (indicating failure)

IPDL protocol error: Handler returned error code!

###!!! [Parent][DispatchAsyncMessage] Error: PLayerTransaction::Msg_ReleaseLayer Processing error: message was deserialized, but the handler returned false (indicating failure)

IPDL protocol error: Handler returned error code!

###!!! [Parent][DispatchAsyncMessage] Error: PLayerTransaction::Msg_ReleaseLayer Processing error: message was deserialized, but the handler returned false (indicating failure)

IPDL protocol error: Handler returned error code!

###!!! [Parent][DispatchAsyncMessage] Error: PLayerTransaction::Msg_ReleaseLayer Processing error: message was deserialized, but the handler returned false (indicating failure)

IPDL protocol error: Handler returned error code!

###!!! [Parent][DispatchAsyncMessage] Error: PLayerTransaction::Msg_ReleaseLayer Processing error: message was deserialized, but the handler returned false (indicating failure)

IPDL protocol error: Handler returned error code!

###!!! [Parent][DispatchAsyncMessage] Error: PLayerTransaction::Msg_ReleaseLayer Processing error: message was deserialized, but the handler returned false (indicating failure)

IPDL protocol error: Handler returned error code!

###!!! [Parent][DispatchAsyncMessage] Error: PLayerTransaction::Msg_ReleaseLayer Processing error: message was deserialized, but the handler returned false (indicating failure)

IPDL protocol error: Handler returned error code!

###!!! [Parent][DispatchAsyncMessage] Error: PLayerTransaction::Msg_ReleaseLayer Processing error: message was deserialized, but the handler returned false (indicating failure)

IPDL protocol error: Handler returned error code!

###!!! [Parent][DispatchAsyncMessage] Error: PLayerTransaction::Msg_ReleaseLayer Processing error: message was deserialized, but the handler returned false (indicating failure)

IPDL protocol error: Handler returned error code!

###!!! [Parent][DispatchAsyncMessage] Error: PLayerTransaction::Msg_ReleaseLayer Processing error: message was deserialized, but the handler returned false (indicating failure)

1511133808718	Marionette	DEBUG	Received observer notification "outer-window-destroyed" for "4294967297"
[Parent 7628] WARNING: pipe error: 109: file z:/build/build/src/ipc/chromium/src/chrome/common/ipc_channel_win.cc, line 346
*** UTM:SVC TimerManager:registerTimer called after profile-before-change notification. Ignoring timer registration for id: telemetry_modules_ping

###!!! [Child][MessageChannel::SendAndWait] Error: Channel error: cannot send/recv

